<?xml version="1.0" encoding="UTF-8"?>
<!-- Generated by org.testng.reporters.JUnitReportReporter -->
<testsuite skipped="0" hostname="DESKTOP-Q5EI90L" name="demotc.demo.Openchrome" tests="2" failures="0" timestamp="13 Nov 2018 07:51:22 GMT" time="22.063" errors="0">
  <testcase name="login" time="21.063" classname="demotc.demo.Openchrome"/>
  <testcase name="login" time="1.000" classname="demotc.demo.Openchrome"/>
</testsuite> <!-- demotc.demo.Openchrome -->
